
<!DOCTYPE html>
<html>


<head>
	<meta charset='utf-8' /> 
	<meta name='description' content='' />
	<meta name='robots' content='noodp, noydir' />
	<meta name='viewport' content='width=device-width, initial-scale=1' />
	<meta id="timeStampFormat" name="timeStampFormat" content='MMM d, yyyy hh:mm:ss a'/>
	
	<link href='https://fonts.googleapis.com/css?family=Source+Sans+Pro:400,600' rel='stylesheet' type='text/css' />
	<link href="https://fonts.googleapis.com/icon?family=Material+Icons" rel="stylesheet" />

		<link href='https://cdn.rawgit.com/anshooarora/extentreports-java/b4a58fcfd1e137bd9287244035a7c80d3d73b3af/dist/css/extent.css' type='text/css' rel='stylesheet' />
	
	<title>ExtentReports</title>

	<style type='text/css'>
	</style>
</head>

	<body class='extent standard default hide-overflow bdd-report'>
		<div id='theme-selector' alt='Click to toggle theme. To enable by default, use theme configuration.' title='Click to toggle theme. To enable by default, use theme configuration.'>
			<span><i class='material-icons'>desktop_windows</i></span>
		</div>

<nav>
	<div class="nav-wrapper">
		<a href="#!" class="brand-logo blue darken-3">Extent</a>

		<!-- slideout menu -->
		<ul id='slide-out' class='side-nav fixed hide-on-med-and-down'>
			<li class='waves-effect active'><a href='#!' view='test-view' onclick="configureView(0);chartsView('test');"><i class='material-icons'>dashboard</i></a></li>
						<li class='waves-effect'><a href='#!' view='exception-view' onclick="configureView(2)"><i class='material-icons'>bug_report</i></a></li>
			<li class='waves-effect'><a href='#!' onclick="configureView(-1);chartsView('dashboard');" view='dashboard-view'><i class='material-icons'>track_changes</i></i></a></li>
		</ul>

		<!-- report name -->
		<span class='report-name'>ExtentReports</span>
		
		<!-- report headline -->
		<span class='report-headline'></span>

		<!-- nav-right -->
		<ul id='nav-mobile' class='right hide-on-med-and-down nav-right'>
			<li>
                <a href='#!'>
                    <span class='label suite-start-time blue darken-3'>Nov 13, 2018 11:20:19 AM</span>
				</a>
			</li>
			<li>
                <a href='#!'>
                    <span class='label blue darken-3'>3.1.5</span>
				</a>
			</li>
		</ul>
	</div>
</nav>

		<!-- container -->
		<div class='container'>

<div id='test-view' class='view'>
				
	<section id='controls'>
		<div class='controls grey lighten-4'>
			<!-- test toggle -->
			<div class='chip transparent'>
				<a class='dropdown-button tests-toggle' data-activates='tests-toggle' data-constrainwidth='true' data-beloworigin='true' data-hover='true' href='#'>
					<i class='material-icons'>warning</i> Status
				</a>
				<ul id='tests-toggle' class='dropdown-content'>
											<li status='pass'><a href='#!'>Pass <i class='material-icons green-text'>check_circle</i></a></li>
						<li status='fatal'><a href='#!'>Fatal <i class='material-icons red-text text-darken-3'>cancel</i></a></li>
						<li status='fail'><a href='#!'>Fail <i class='material-icons red-text'>cancel</i></a></li>
						<li status='skip'><a href='#!'>Skip <i class='material-icons cyan-text'>redo</i></a></li>
					<li class='divider'></li>
					<li status='clear' clear='true'><a href='#!'>Clear Filters <i class='material-icons'>clear</i></a></li>
				</ul>
			</div>
			<!-- test toggle -->

			<!-- category toggle -->
			<!-- category toggle -->

			<!-- clear filters -->
			<div class='chip transparent hide'>
				<a class='' id='clear-filters' alt='Clear Filters' title='Clear Filters'>
					<i class='material-icons'>close</i> Clear
				</a>
			</div>
			<!-- clear filters -->

			<!-- enable dashboard -->
			<div id='toggle-test-view-charts' class='chip transparent'>
				<a class='pink-text' id='enable-dashboard' alt='Enable Dashboard' title='Enable Dashboard'>
					<i class='material-icons'>track_changes</i> Dashboard
				</a>
			</div>
			<!-- enable dashboard -->

			<!-- search -->
			<div class='chip transparent' alt='Search Tests' title='Search Tests'>
				<a href="#" class='search-div'>
					<i class='material-icons'>search</i> Search
				</a>

				<div class='input-field left hide'>
					<input id='search-tests' type='text' class='validate browser-default' placeholder='Search Tests...'>
				</div>
				
			</div>
			<!-- search -->
		</div>
	</section>


<div id='test-view-charts' class='subview-full'>
	<div id='charts-row' class='row nm-v nm-h'>
		<div class='col s12 m4 l4 np-h'>
			<div class='card-panel nm-v'>
				<div class='left panel-name'>Features</div>
				<div class='chart-box'>
					<canvas id='parent-analysis' width='100' height='80'></canvas>
				</div>
				<div class='block text-small'>
					<span class='tooltipped' data-position='top' data-tooltip='33.333%'><span class='strong'>1</span> feature(s) passed</span>
				</div>
				<div class='block text-small'>
					<span class='strong tooltipped' data-position='top' data-tooltip='66.667%'>2</span> feature(s) failed, <span class='strong tooltipped' data-position='top' data-tooltip='0%'>0</span> others
				</div>
			</div>
		</div>
		
		<div class='col s12 m4 l4 np-h'>
			<div class='card-panel nm-v'>
				<div class='left panel-name'>Scenarios</div>
				<div class='chart-box'>
					<canvas id='child-analysis' width='100' height='80'></canvas>
				</div>
				<div class='block text-small'>
					<span class='tooltipped' data-position='top' data-tooltip='33.333%'><span class='strong'>1</span> scenario(s) passed</span>
				</div>
				<div class='block text-small'>
					<span class='strong tooltipped' data-position='top' data-tooltip='66.667%'>2</span> scenario(s) failed, <span class='strong tooltipped' data-position='top' data-tooltip='0%'>0</span> others
				</div>
			</div>
		</div>
		
		<div class='col s12 m4 l4 np-h'>
			<div class='card-panel nm-v'>
				<div class='left panel-name'>Steps</div>
				<div class='chart-box'>
					<canvas id='grandchild-analysis' width='100' height='80'></canvas>
				</div>
				<div class='block text-small'>
					<span class='tooltipped' data-position='top' data-tooltip='66.667%'><span class='strong'>6</span> step(s) passed</span>
				</div>
				<div class='block text-small'>
					<span class='strong tooltipped' data-position='top' data-tooltip='22.222%'>2</span> step(s) failed, <span class='strong tooltipped' data-position='top' data-tooltip='11.111%'>1</span> others
				</div>
			</div>
		</div>
	</div>
</div>

	<div class='subview-left left'>
		
		<div class='view-summary'>
			<h5>Features</h5>
			<ul id='test-collection' class='test-collection'>
				
				
				<li class='test displayed active has-leaf pass' status='pass' bdd='true' test-id='1'>
					<div class='test-heading'>
						<span class='test-name'>com.ckeiner.bdd.testbddy.test.ConsumingCucumbers_Reporting: Cucumber consumption</span>
						<span class='test-time'>Nov 13, 2018 11:20:20 AM</span>
						<span class='test-status right pass'>pass</span>
					</div>
					<div class='test-content hide'>
<div class='scenario node' test-id='2' status='pass'>
	<span class='duration right label'>0h 0m 0s+14ms</span>
	<div class='desc'>
		<b>Scenario</b>
		<span class="desc-text">Eating less cucumbers than I have</span>
	</div>
	<ul class='steps'>
		<li test-id='3' class='node given pass' status='pass'>
			
			<b>Given</b>
			
			<span class="bdd-step-name">I have 12 cucumbers</span>
				<div class='pre'>I have 12 cucumbers</div>
			
		</li>
		<li test-id='4' class='node when pass' status='pass'>
			
			<b>When</b>
			
			<span class="bdd-step-name">I eat 5 cucumbers</span>
				<div class='pre'>I eat 5 cucumbers</div>
			
		</li>
		<li test-id='5' class='node then pass' status='pass'>
			
			<b>Then</b>
			
			<span class="bdd-step-name">I have 7 cucumbers left</span>
				<div class='pre'>I have 7 cucumbers left</div>
			
		</li>
	</ul>
</div>
					</div>
				</li>
				
				
				<li class='test displayed active has-leaf fail' status='fail' bdd='true' test-id='6'>
					<div class='test-heading'>
						<span class='test-name'>com.ckeiner.bdd.testbddy.test.ConsumingCucumbers_Reporting: Erroneous cucumber consumption</span>
						<span class='test-time'>Nov 13, 2018 11:20:20 AM</span>
						<span class='test-status right fail'>fail</span>
					</div>
					<div class='test-content hide'>
<div class='scenario node' test-id='7' status='fail'>
	<span class='duration right label'>0h 0m 0s+5ms</span>
	<div class='desc'>
		<b>Scenario</b>
		<span class="desc-text">Eating erroneous cucumbers</span>
	</div>
	<ul class='steps'>
		<li test-id='8' class='node given pass' status='pass'>
			
			<b>Given</b>
			
			<span class="bdd-step-name">I have 12 cucumbers</span>
				<div class='pre'>I have 12 cucumbers</div>
			
		</li>
		<li test-id='9' class='node when pass' status='pass'>
			
			<b>When</b>
			
			<span class="bdd-step-name">I eat 20 cucumbers</span>
				<div class='pre'>I eat 20 cucumbers</div>
			
		</li>
		<li test-id='10' class='node then fail' status='fail'>
			
			<b>Then</b>
			
			<span class="bdd-step-name">I have 7 cucumbers left</span>
				<div class='pre'><textarea>java.lang.AssertionError: expected:<7> but was:<-8>
	at org.junit.Assert.fail(Assert.java:88)
	at org.junit.Assert.failNotEquals(Assert.java:834)
	at org.junit.Assert.assertEquals(Assert.java:645)
	at org.junit.Assert.assertEquals(Assert.java:631)
	at com.ckeiner.bdd.testbddy.test.ConsumingCucumbers_Reporting.lambda$7(ConsumingCucumbers_Reporting.java:51)
	at com.ckeiner.testbddy.core.bdd.steps.Step.executeStep(Step.java:36)
	at com.ckeiner.testbddy.core.bdd.steps.AbstractStep.test(AbstractStep.java:98)
	at com.ckeiner.testbddy.core.bdd.steps.Steps.testStep(Steps.java:71)
	at com.ckeiner.testbddy.core.bdd.steps.Steps.testStep(Steps.java:1)
	at com.ckeiner.testbddy.core.bdd.steps.AbstractSteps.test(AbstractSteps.java:153)
	at com.ckeiner.testbddy.core.bdd.scenario.Scenario.executeScenario(Scenario.java:157)
	at com.ckeiner.testbddy.core.bdd.scenario.Scenario.test(Scenario.java:71)
	at com.ckeiner.testbddy.core.bdd.Feature.executeScenario(Feature.java:161)
	at com.ckeiner.testbddy.core.bdd.Feature.test(Feature.java:133)
	at com.ckeiner.bdd.testbddy.test.ConsumingCucumbers_Reporting.throwError(ConsumingCucumbers_Reporting.java:54)
	at sun.reflect.NativeMethodAccessorImpl.invoke0(Native Method)
	at sun.reflect.NativeMethodAccessorImpl.invoke(NativeMethodAccessorImpl.java:62)
	at sun.reflect.DelegatingMethodAccessorImpl.invoke(DelegatingMethodAccessorImpl.java:43)
	at java.lang.reflect.Method.invoke(Method.java:498)
	at org.junit.runners.model.FrameworkMethod$1.runReflectiveCall(FrameworkMethod.java:50)
	at org.junit.internal.runners.model.ReflectiveCallable.run(ReflectiveCallable.java:12)
	at org.junit.runners.model.FrameworkMethod.invokeExplosively(FrameworkMethod.java:47)
	at org.junit.internal.runners.statements.InvokeMethod.evaluate(InvokeMethod.java:17)
	at org.junit.runners.ParentRunner.runLeaf(ParentRunner.java:325)
	at org.junit.runners.BlockJUnit4ClassRunner.runChild(BlockJUnit4ClassRunner.java:78)
	at org.junit.runners.BlockJUnit4ClassRunner.runChild(BlockJUnit4ClassRunner.java:57)
	at org.junit.runners.ParentRunner$3.run(ParentRunner.java:290)
	at org.junit.runners.ParentRunner$1.schedule(ParentRunner.java:71)
	at org.junit.runners.ParentRunner.runChildren(ParentRunner.java:288)
	at org.junit.runners.ParentRunner.access$000(ParentRunner.java:58)
	at org.junit.runners.ParentRunner$2.evaluate(ParentRunner.java:268)
	at org.junit.internal.runners.statements.RunBefores.evaluate(RunBefores.java:26)
	at org.junit.internal.runners.statements.RunAfters.evaluate(RunAfters.java:27)
	at org.junit.runners.ParentRunner.run(ParentRunner.java:363)
	at org.eclipse.jdt.internal.junit4.runner.JUnit4TestReference.run(JUnit4TestReference.java:86)
	at org.eclipse.jdt.internal.junit.runner.TestExecution.run(TestExecution.java:38)
	at org.eclipse.jdt.internal.junit.runner.RemoteTestRunner.runTests(RemoteTestRunner.java:538)
	at org.eclipse.jdt.internal.junit.runner.RemoteTestRunner.runTests(RemoteTestRunner.java:760)
	at org.eclipse.jdt.internal.junit.runner.RemoteTestRunner.run(RemoteTestRunner.java:460)
	at org.eclipse.jdt.internal.junit.runner.RemoteTestRunner.main(RemoteTestRunner.java:206)
</textarea></div>
			
		</li>
	</ul>
</div>
					</div>
				</li>
				
				
				<li class='test displayed active has-leaf fatal' status='fatal' bdd='true' test-id='11'>
					<div class='test-heading'>
						<span class='test-name'>com.ckeiner.bdd.testbddy.test.ConsumingCucumbers_Reporting: Cucumber consumption with intentional failure</span>
						<span class='test-time'>Nov 13, 2018 11:20:20 AM</span>
						<span class='test-status right fatal'>fatal</span>
					</div>
					<div class='test-content hide'>
<div class='scenario node' test-id='12' status='fatal'>
	<span class='duration right label'>0h 0m 0s+3ms</span>
	<div class='desc'>
		<b>Scenario</b>
		<span class="desc-text">Eating cucumbers</span>
	</div>
	<ul class='steps'>
		<li test-id='13' class='node given pass' status='pass'>
			
			<b>Given</b>
			
			<span class="bdd-step-name">I have 12 cucumbers</span>
				<div class='pre'>I have 12 cucumbers</div>
			
		</li>
		<li test-id='14' class='node when fatal' status='fatal'>
			
			<b>When</b>
			
			<span class="bdd-step-name">I eat 20 cucumbers</span>
				<div class='pre'><pre>java.lang.IllegalArgumentException: Intentional Exception
	at com.ckeiner.bdd.testbddy.test.ConsumingCucumbers_Reporting.lambda$10(ConsumingCucumbers_Reporting.java:70)
	at com.ckeiner.testbddy.core.bdd.steps.Step.executeStep(Step.java:36)
	at com.ckeiner.testbddy.core.bdd.steps.AbstractStep.test(AbstractStep.java:98)
	at com.ckeiner.testbddy.core.bdd.steps.Steps.testStep(Steps.java:71)
	at com.ckeiner.testbddy.core.bdd.steps.Steps.testStep(Steps.java:1)
	at com.ckeiner.testbddy.core.bdd.steps.AbstractSteps.test(AbstractSteps.java:153)
	at com.ckeiner.testbddy.core.bdd.scenario.Scenario.executeScenario(Scenario.java:157)
	at com.ckeiner.testbddy.core.bdd.scenario.Scenario.test(Scenario.java:71)
	at com.ckeiner.testbddy.core.bdd.Feature.executeScenario(Feature.java:161)
	at com.ckeiner.testbddy.core.bdd.Feature.test(Feature.java:133)
	at com.ckeiner.bdd.testbddy.test.ConsumingCucumbers_Reporting.throwIntentionalException(ConsumingCucumbers_Reporting.java:76)
	at sun.reflect.NativeMethodAccessorImpl.invoke0(Native Method)
	at sun.reflect.NativeMethodAccessorImpl.invoke(NativeMethodAccessorImpl.java:62)
	at sun.reflect.DelegatingMethodAccessorImpl.invoke(DelegatingMethodAccessorImpl.java:43)
	at java.lang.reflect.Method.invoke(Method.java:498)
	at org.junit.runners.model.FrameworkMethod$1.runReflectiveCall(FrameworkMethod.java:50)
	at org.junit.internal.runners.model.ReflectiveCallable.run(ReflectiveCallable.java:12)
	at org.junit.runners.model.FrameworkMethod.invokeExplosively(FrameworkMethod.java:47)
	at org.junit.internal.runners.statements.InvokeMethod.evaluate(InvokeMethod.java:17)
	at org.junit.runners.ParentRunner.runLeaf(ParentRunner.java:325)
	at org.junit.runners.BlockJUnit4ClassRunner.runChild(BlockJUnit4ClassRunner.java:78)
	at org.junit.runners.BlockJUnit4ClassRunner.runChild(BlockJUnit4ClassRunner.java:57)
	at org.junit.runners.ParentRunner$3.run(ParentRunner.java:290)
	at org.junit.runners.ParentRunner$1.schedule(ParentRunner.java:71)
	at org.junit.runners.ParentRunner.runChildren(ParentRunner.java:288)
	at org.junit.runners.ParentRunner.access$000(ParentRunner.java:58)
	at org.junit.runners.ParentRunner$2.evaluate(ParentRunner.java:268)
	at org.junit.internal.runners.statements.RunBefores.evaluate(RunBefores.java:26)
	at org.junit.internal.runners.statements.RunAfters.evaluate(RunAfters.java:27)
	at org.junit.runners.ParentRunner.run(ParentRunner.java:363)
	at org.eclipse.jdt.internal.junit4.runner.JUnit4TestReference.run(JUnit4TestReference.java:86)
	at org.eclipse.jdt.internal.junit.runner.TestExecution.run(TestExecution.java:38)
	at org.eclipse.jdt.internal.junit.runner.RemoteTestRunner.runTests(RemoteTestRunner.java:538)
	at org.eclipse.jdt.internal.junit.runner.RemoteTestRunner.runTests(RemoteTestRunner.java:760)
	at org.eclipse.jdt.internal.junit.runner.RemoteTestRunner.run(RemoteTestRunner.java:460)
	at org.eclipse.jdt.internal.junit.runner.RemoteTestRunner.main(RemoteTestRunner.java:206)
</pre></div>
			
		</li>
		<li test-id='15' class='node then skip' status='skip'>
			
			<b>Then</b>
			
			<span class="bdd-step-name">I have 7 cucumbers left</span>
				<div class='pre'>I have 7 cucumbers left</div>
			
		</li>
	</ul>
</div>
					</div>
				</li>
			</ul>
		</div>
	</div>
	<!-- subview left -->

	<div class='subview-right left'>
		<div class='view-summary'>
			<h5 class='test-name'></h5>

			<div id='step-filters' class="right">
				<span class="blue-text" status="info" alt="info" title="info"><i class="material-icons">info_outline</i></span>
				<span class="green-text" status="pass" alt="pass" title="pass"><i class="material-icons">check_circle</i></span>
				<span class="red-text" status="fail" alt="fail" title="fail"><i class="material-icons">cancel</i></span>
				<span class="red-text text-darken-4" status="fatal" alt="fatal" title="fatal"><i class="material-icons">cancel</i></span>
				<span class="pink-text text-lighten-1" status="error" alt="error" title="error"><i class="material-icons">error</i></span>
				<span class="orange-text" alt="warning" status="warning" title="warning"><i class="material-icons">warning</i></span>
				<span class="teal-text" status="skip" alt="skip" title="skip"><i class="material-icons">redo</i></span>
				<span status="clear" alt="Clear filters" title="Clear filters"><i class="material-icons">clear</i></span>
			</div>
		</div>
	</div>
	<!-- subview right -->

</div>
<!-- test view -->
<!-- category view -->
<div id='exception-view' class='view hide'>

    <section id='controls'>
        <div class='controls grey lighten-4'>
            <!-- search -->
            <div class='chip transparent' alt='Search Tests' title='Search Tests'>
                <a href="#" class='search-div'>
                    <i class='material-icons'>search</i> Search
                </a>

                <div class='input-field left hide'>
                    <input id='search-tests' type='text' class='validate browser-default' placeholder='Search Tests...'>
                </div>

            </div>
            <!-- search -->
        </div>
    </section>

    <div class='subview-left left'>

        <div class='view-summary'>
            <h5>Exceptions</h3>
                <ul id='exception-collection' class='exception-collection'>

                        <li class='exception displayed active'>
                            <div class='exception-heading'>
                                <span class='exception-name'>java.lang.AssertionError</span>
                                <span class='exception-count right'><span class='label red lighten-1 white-text'>1</span></span>
                            </div>
                            <div class='exception-content hide'>
                                <div class='exception-tests'>
                                    <table class='bordered table-results'>
                                        <thead>
                                        <tr>
                                            <th>Timestamp</th>
                                            <th>TestName</th>
                                            <th>Status</th>
                                        </tr>
                                        </thead>
                                        <tbody>
                                                    <tr>
                                                        <td>Nov 13, 2018 11:20:20 AM</td>
                                                        <td class='linked' test-id='10'>com.ckeiner.bdd.testbddy.test.ConsumingCucumbers_Reporting: Erroneous cucumber consumption.Eating erroneous cucumbers.I have 7 cucumbers left</td>
                                                        <td><pre><textarea>java.lang.AssertionError: expected:<7> but was:<-8>
	at org.junit.Assert.fail(Assert.java:88)
	at org.junit.Assert.failNotEquals(Assert.java:834)
	at org.junit.Assert.assertEquals(Assert.java:645)
	at org.junit.Assert.assertEquals(Assert.java:631)
	at com.ckeiner.bdd.testbddy.test.ConsumingCucumbers_Reporting.lambda$7(ConsumingCucumbers_Reporting.java:51)
	at com.ckeiner.testbddy.core.bdd.steps.Step.executeStep(Step.java:36)
	at com.ckeiner.testbddy.core.bdd.steps.AbstractStep.test(AbstractStep.java:98)
	at com.ckeiner.testbddy.core.bdd.steps.Steps.testStep(Steps.java:71)
	at com.ckeiner.testbddy.core.bdd.steps.Steps.testStep(Steps.java:1)
	at com.ckeiner.testbddy.core.bdd.steps.AbstractSteps.test(AbstractSteps.java:153)
	at com.ckeiner.testbddy.core.bdd.scenario.Scenario.executeScenario(Scenario.java:157)
	at com.ckeiner.testbddy.core.bdd.scenario.Scenario.test(Scenario.java:71)
	at com.ckeiner.testbddy.core.bdd.Feature.executeScenario(Feature.java:161)
	at com.ckeiner.testbddy.core.bdd.Feature.test(Feature.java:133)
	at com.ckeiner.bdd.testbddy.test.ConsumingCucumbers_Reporting.throwError(ConsumingCucumbers_Reporting.java:54)
	at sun.reflect.NativeMethodAccessorImpl.invoke0(Native Method)
	at sun.reflect.NativeMethodAccessorImpl.invoke(NativeMethodAccessorImpl.java:62)
	at sun.reflect.DelegatingMethodAccessorImpl.invoke(DelegatingMethodAccessorImpl.java:43)
	at java.lang.reflect.Method.invoke(Method.java:498)
	at org.junit.runners.model.FrameworkMethod$1.runReflectiveCall(FrameworkMethod.java:50)
	at org.junit.internal.runners.model.ReflectiveCallable.run(ReflectiveCallable.java:12)
	at org.junit.runners.model.FrameworkMethod.invokeExplosively(FrameworkMethod.java:47)
	at org.junit.internal.runners.statements.InvokeMethod.evaluate(InvokeMethod.java:17)
	at org.junit.runners.ParentRunner.runLeaf(ParentRunner.java:325)
	at org.junit.runners.BlockJUnit4ClassRunner.runChild(BlockJUnit4ClassRunner.java:78)
	at org.junit.runners.BlockJUnit4ClassRunner.runChild(BlockJUnit4ClassRunner.java:57)
	at org.junit.runners.ParentRunner$3.run(ParentRunner.java:290)
	at org.junit.runners.ParentRunner$1.schedule(ParentRunner.java:71)
	at org.junit.runners.ParentRunner.runChildren(ParentRunner.java:288)
	at org.junit.runners.ParentRunner.access$000(ParentRunner.java:58)
	at org.junit.runners.ParentRunner$2.evaluate(ParentRunner.java:268)
	at org.junit.internal.runners.statements.RunBefores.evaluate(RunBefores.java:26)
	at org.junit.internal.runners.statements.RunAfters.evaluate(RunAfters.java:27)
	at org.junit.runners.ParentRunner.run(ParentRunner.java:363)
	at org.eclipse.jdt.internal.junit4.runner.JUnit4TestReference.run(JUnit4TestReference.java:86)
	at org.eclipse.jdt.internal.junit.runner.TestExecution.run(TestExecution.java:38)
	at org.eclipse.jdt.internal.junit.runner.RemoteTestRunner.runTests(RemoteTestRunner.java:538)
	at org.eclipse.jdt.internal.junit.runner.RemoteTestRunner.runTests(RemoteTestRunner.java:760)
	at org.eclipse.jdt.internal.junit.runner.RemoteTestRunner.run(RemoteTestRunner.java:460)
	at org.eclipse.jdt.internal.junit.runner.RemoteTestRunner.main(RemoteTestRunner.java:206)
</textarea></pre></td>
                                                    </tr>
                                        </tbody>
                                    </table>
                                </div>
                            </div>
                        </li>
                        <li class='exception displayed active'>
                            <div class='exception-heading'>
                                <span class='exception-name'>com.ckeiner.testbddy.core.throwables.errors.StepError</span>
                                <span class='exception-count right'><span class='label red lighten-1 white-text'>1</span></span>
                            </div>
                            <div class='exception-content hide'>
                                <div class='exception-tests'>
                                    <table class='bordered table-results'>
                                        <thead>
                                        <tr>
                                            <th>Timestamp</th>
                                            <th>TestName</th>
                                            <th>Status</th>
                                        </tr>
                                        </thead>
                                        <tbody>
                                                    <tr>
                                                        <td>Nov 13, 2018 11:20:20 AM</td>
                                                        <td class='linked' test-id='7'>com.ckeiner.bdd.testbddy.test.ConsumingCucumbers_Reporting: Erroneous cucumber consumption.Eating erroneous cucumbers</td>
                                                        <td><pre><textarea>com.ckeiner.testbddy.core.throwables.errors.StepError: java.lang.AssertionError: expected:<7> but was:<-8>
	at com.ckeiner.testbddy.core.bdd.steps.AbstractStep.test(AbstractStep.java:131)
	at com.ckeiner.testbddy.core.bdd.steps.Steps.testStep(Steps.java:71)
	at com.ckeiner.testbddy.core.bdd.steps.Steps.testStep(Steps.java:1)
	at com.ckeiner.testbddy.core.bdd.steps.AbstractSteps.test(AbstractSteps.java:153)
	at com.ckeiner.testbddy.core.bdd.scenario.Scenario.executeScenario(Scenario.java:157)
	at com.ckeiner.testbddy.core.bdd.scenario.Scenario.test(Scenario.java:71)
	at com.ckeiner.testbddy.core.bdd.Feature.executeScenario(Feature.java:161)
	at com.ckeiner.testbddy.core.bdd.Feature.test(Feature.java:133)
	at com.ckeiner.bdd.testbddy.test.ConsumingCucumbers_Reporting.throwError(ConsumingCucumbers_Reporting.java:54)
	at sun.reflect.NativeMethodAccessorImpl.invoke0(Native Method)
	at sun.reflect.NativeMethodAccessorImpl.invoke(NativeMethodAccessorImpl.java:62)
	at sun.reflect.DelegatingMethodAccessorImpl.invoke(DelegatingMethodAccessorImpl.java:43)
	at java.lang.reflect.Method.invoke(Method.java:498)
	at org.junit.runners.model.FrameworkMethod$1.runReflectiveCall(FrameworkMethod.java:50)
	at org.junit.internal.runners.model.ReflectiveCallable.run(ReflectiveCallable.java:12)
	at org.junit.runners.model.FrameworkMethod.invokeExplosively(FrameworkMethod.java:47)
	at org.junit.internal.runners.statements.InvokeMethod.evaluate(InvokeMethod.java:17)
	at org.junit.runners.ParentRunner.runLeaf(ParentRunner.java:325)
	at org.junit.runners.BlockJUnit4ClassRunner.runChild(BlockJUnit4ClassRunner.java:78)
	at org.junit.runners.BlockJUnit4ClassRunner.runChild(BlockJUnit4ClassRunner.java:57)
	at org.junit.runners.ParentRunner$3.run(ParentRunner.java:290)
	at org.junit.runners.ParentRunner$1.schedule(ParentRunner.java:71)
	at org.junit.runners.ParentRunner.runChildren(ParentRunner.java:288)
	at org.junit.runners.ParentRunner.access$000(ParentRunner.java:58)
	at org.junit.runners.ParentRunner$2.evaluate(ParentRunner.java:268)
	at org.junit.internal.runners.statements.RunBefores.evaluate(RunBefores.java:26)
	at org.junit.internal.runners.statements.RunAfters.evaluate(RunAfters.java:27)
	at org.junit.runners.ParentRunner.run(ParentRunner.java:363)
	at org.eclipse.jdt.internal.junit4.runner.JUnit4TestReference.run(JUnit4TestReference.java:86)
	at org.eclipse.jdt.internal.junit.runner.TestExecution.run(TestExecution.java:38)
	at org.eclipse.jdt.internal.junit.runner.RemoteTestRunner.runTests(RemoteTestRunner.java:538)
	at org.eclipse.jdt.internal.junit.runner.RemoteTestRunner.runTests(RemoteTestRunner.java:760)
	at org.eclipse.jdt.internal.junit.runner.RemoteTestRunner.run(RemoteTestRunner.java:460)
	at org.eclipse.jdt.internal.junit.runner.RemoteTestRunner.main(RemoteTestRunner.java:206)
Caused by: java.lang.AssertionError: expected:<7> but was:<-8>
	at org.junit.Assert.fail(Assert.java:88)
	at org.junit.Assert.failNotEquals(Assert.java:834)
	at org.junit.Assert.assertEquals(Assert.java:645)
	at org.junit.Assert.assertEquals(Assert.java:631)
	at com.ckeiner.bdd.testbddy.test.ConsumingCucumbers_Reporting.lambda$7(ConsumingCucumbers_Reporting.java:51)
	at com.ckeiner.testbddy.core.bdd.steps.Step.executeStep(Step.java:36)
	at com.ckeiner.testbddy.core.bdd.steps.AbstractStep.test(AbstractStep.java:98)
	... 33 more
</textarea></pre></td>
                                                    </tr>
                                        </tbody>
                                    </table>
                                </div>
                            </div>
                        </li>
                        <li class='exception displayed active'>
                            <div class='exception-heading'>
                                <span class='exception-name'>com.ckeiner.testbddy.core.throwables.MultipleScenarioWrapperException</span>
                                <span class='exception-count right'><span class='label red lighten-1 white-text'>2</span></span>
                            </div>
                            <div class='exception-content hide'>
                                <div class='exception-tests'>
                                    <table class='bordered table-results'>
                                        <thead>
                                        <tr>
                                            <th>Timestamp</th>
                                            <th>TestName</th>
                                            <th>Status</th>
                                        </tr>
                                        </thead>
                                        <tbody>
                                                    <tr>
                                                        <td>Nov 13, 2018 11:20:20 AM</td>
                                                        <td class='linked' test-id='6'>com.ckeiner.bdd.testbddy.test.ConsumingCucumbers_Reporting: Erroneous cucumber consumption</td>
                                                        <td><pre><textarea>com.ckeiner.testbddy.core.throwables.MultipleScenarioWrapperException: There were 1 errors:
  com.ckeiner.testbddy.core.throwables.errors.ScenarioError(Scenario "Eating erroneous cucumbers" failed.)
  Error 1: Scenario "Eating erroneous cucumbers" failed.
com.ckeiner.testbddy.core.throwables.errors.ScenarioError: Scenario "Eating erroneous cucumbers" failed.
	at com.ckeiner.testbddy.core.bdd.scenario.Scenario.test(Scenario.java:89)
	at com.ckeiner.testbddy.core.bdd.Feature.executeScenario(Feature.java:161)
	at com.ckeiner.testbddy.core.bdd.Feature.test(Feature.java:133)
	at com.ckeiner.bdd.testbddy.test.ConsumingCucumbers_Reporting.throwError(ConsumingCucumbers_Reporting.java:54)
	at sun.reflect.NativeMethodAccessorImpl.invoke0(Native Method)
	at sun.reflect.NativeMethodAccessorImpl.invoke(NativeMethodAccessorImpl.java:62)
	at sun.reflect.DelegatingMethodAccessorImpl.invoke(DelegatingMethodAccessorImpl.java:43)
	at java.lang.reflect.Method.invoke(Method.java:498)
	at org.junit.runners.model.FrameworkMethod$1.runReflectiveCall(FrameworkMethod.java:50)
	at org.junit.internal.runners.model.ReflectiveCallable.run(ReflectiveCallable.java:12)
	at org.junit.runners.model.FrameworkMethod.invokeExplosively(FrameworkMethod.java:47)
	at org.junit.internal.runners.statements.InvokeMethod.evaluate(InvokeMethod.java:17)
	at org.junit.runners.ParentRunner.runLeaf(ParentRunner.java:325)
	at org.junit.runners.BlockJUnit4ClassRunner.runChild(BlockJUnit4ClassRunner.java:78)
	at org.junit.runners.BlockJUnit4ClassRunner.runChild(BlockJUnit4ClassRunner.java:57)
	at org.junit.runners.ParentRunner$3.run(ParentRunner.java:290)
	at org.junit.runners.ParentRunner$1.schedule(ParentRunner.java:71)
	at org.junit.runners.ParentRunner.runChildren(ParentRunner.java:288)
	at org.junit.runners.ParentRunner.access$000(ParentRunner.java:58)
	at org.junit.runners.ParentRunner$2.evaluate(ParentRunner.java:268)
	at org.junit.internal.runners.statements.RunBefores.evaluate(RunBefores.java:26)
	at org.junit.internal.runners.statements.RunAfters.evaluate(RunAfters.java:27)
	at org.junit.runners.ParentRunner.run(ParentRunner.java:363)
	at org.eclipse.jdt.internal.junit4.runner.JUnit4TestReference.run(JUnit4TestReference.java:86)
	at org.eclipse.jdt.internal.junit.runner.TestExecution.run(TestExecution.java:38)
	at org.eclipse.jdt.internal.junit.runner.RemoteTestRunner.runTests(RemoteTestRunner.java:538)
	at org.eclipse.jdt.internal.junit.runner.RemoteTestRunner.runTests(RemoteTestRunner.java:760)
	at org.eclipse.jdt.internal.junit.runner.RemoteTestRunner.run(RemoteTestRunner.java:460)
	at org.eclipse.jdt.internal.junit.runner.RemoteTestRunner.main(RemoteTestRunner.java:206)
Caused by: com.ckeiner.testbddy.core.throwables.errors.StepError: java.lang.AssertionError: expected:<7> but was:<-8>
	at com.ckeiner.testbddy.core.bdd.steps.AbstractStep.test(AbstractStep.java:131)
	at com.ckeiner.testbddy.core.bdd.steps.Steps.testStep(Steps.java:71)
	at com.ckeiner.testbddy.core.bdd.steps.Steps.testStep(Steps.java:1)
	at com.ckeiner.testbddy.core.bdd.steps.AbstractSteps.test(AbstractSteps.java:153)
	at com.ckeiner.testbddy.core.bdd.scenario.Scenario.executeScenario(Scenario.java:157)
	at com.ckeiner.testbddy.core.bdd.scenario.Scenario.test(Scenario.java:71)
	... 28 more
Caused by: java.lang.AssertionError: expected:<7> but was:<-8>
	at org.junit.Assert.fail(Assert.java:88)
	at org.junit.Assert.failNotEquals(Assert.java:834)
	at org.junit.Assert.assertEquals(Assert.java:645)
	at org.junit.Assert.assertEquals(Assert.java:631)
	at com.ckeiner.bdd.testbddy.test.ConsumingCucumbers_Reporting.lambda$7(ConsumingCucumbers_Reporting.java:51)
	at com.ckeiner.testbddy.core.bdd.steps.Step.executeStep(Step.java:36)
	at com.ckeiner.testbddy.core.bdd.steps.AbstractStep.test(AbstractStep.java:98)
	... 33 more


	at com.ckeiner.testbddy.core.bdd.Feature.finishTest(Feature.java:213)
	at com.ckeiner.testbddy.core.bdd.Feature.test(Feature.java:144)
	at com.ckeiner.bdd.testbddy.test.ConsumingCucumbers_Reporting.throwError(ConsumingCucumbers_Reporting.java:54)
	at sun.reflect.NativeMethodAccessorImpl.invoke0(Native Method)
	at sun.reflect.NativeMethodAccessorImpl.invoke(NativeMethodAccessorImpl.java:62)
	at sun.reflect.DelegatingMethodAccessorImpl.invoke(DelegatingMethodAccessorImpl.java:43)
	at java.lang.reflect.Method.invoke(Method.java:498)
	at org.junit.runners.model.FrameworkMethod$1.runReflectiveCall(FrameworkMethod.java:50)
	at org.junit.internal.runners.model.ReflectiveCallable.run(ReflectiveCallable.java:12)
	at org.junit.runners.model.FrameworkMethod.invokeExplosively(FrameworkMethod.java:47)
	at org.junit.internal.runners.statements.InvokeMethod.evaluate(InvokeMethod.java:17)
	at org.junit.runners.ParentRunner.runLeaf(ParentRunner.java:325)
	at org.junit.runners.BlockJUnit4ClassRunner.runChild(BlockJUnit4ClassRunner.java:78)
	at org.junit.runners.BlockJUnit4ClassRunner.runChild(BlockJUnit4ClassRunner.java:57)
	at org.junit.runners.ParentRunner$3.run(ParentRunner.java:290)
	at org.junit.runners.ParentRunner$1.schedule(ParentRunner.java:71)
	at org.junit.runners.ParentRunner.runChildren(ParentRunner.java:288)
	at org.junit.runners.ParentRunner.access$000(ParentRunner.java:58)
	at org.junit.runners.ParentRunner$2.evaluate(ParentRunner.java:268)
	at org.junit.internal.runners.statements.RunBefores.evaluate(RunBefores.java:26)
	at org.junit.internal.runners.statements.RunAfters.evaluate(RunAfters.java:27)
	at org.junit.runners.ParentRunner.run(ParentRunner.java:363)
	at org.eclipse.jdt.internal.junit4.runner.JUnit4TestReference.run(JUnit4TestReference.java:86)
	at org.eclipse.jdt.internal.junit.runner.TestExecution.run(TestExecution.java:38)
	at org.eclipse.jdt.internal.junit.runner.RemoteTestRunner.runTests(RemoteTestRunner.java:538)
	at org.eclipse.jdt.internal.junit.runner.RemoteTestRunner.runTests(RemoteTestRunner.java:760)
	at org.eclipse.jdt.internal.junit.runner.RemoteTestRunner.run(RemoteTestRunner.java:460)
	at org.eclipse.jdt.internal.junit.runner.RemoteTestRunner.main(RemoteTestRunner.java:206)
</textarea></pre></td>
                                                    </tr>
                                                    <tr>
                                                        <td>Nov 13, 2018 11:20:20 AM</td>
                                                        <td class='linked' test-id='11'>com.ckeiner.bdd.testbddy.test.ConsumingCucumbers_Reporting: Cucumber consumption with intentional failure</td>
                                                        <td><pre><pre>com.ckeiner.testbddy.core.throwables.MultipleScenarioWrapperException: There were 1 errors:
  com.ckeiner.testbddy.core.throwables.exceptions.ScenarioException(Scenario "Eating cucumbers" failed.)
  Error 1: Scenario "Eating cucumbers" failed.
com.ckeiner.testbddy.core.throwables.exceptions.ScenarioException: Scenario "Eating cucumbers" failed.
	at com.ckeiner.testbddy.core.bdd.scenario.Scenario.test(Scenario.java:80)
	at com.ckeiner.testbddy.core.bdd.Feature.executeScenario(Feature.java:161)
	at com.ckeiner.testbddy.core.bdd.Feature.test(Feature.java:133)
	at com.ckeiner.bdd.testbddy.test.ConsumingCucumbers_Reporting.throwIntentionalException(ConsumingCucumbers_Reporting.java:76)
	at sun.reflect.NativeMethodAccessorImpl.invoke0(Native Method)
	at sun.reflect.NativeMethodAccessorImpl.invoke(NativeMethodAccessorImpl.java:62)
	at sun.reflect.DelegatingMethodAccessorImpl.invoke(DelegatingMethodAccessorImpl.java:43)
	at java.lang.reflect.Method.invoke(Method.java:498)
	at org.junit.runners.model.FrameworkMethod$1.runReflectiveCall(FrameworkMethod.java:50)
	at org.junit.internal.runners.model.ReflectiveCallable.run(ReflectiveCallable.java:12)
	at org.junit.runners.model.FrameworkMethod.invokeExplosively(FrameworkMethod.java:47)
	at org.junit.internal.runners.statements.InvokeMethod.evaluate(InvokeMethod.java:17)
	at org.junit.runners.ParentRunner.runLeaf(ParentRunner.java:325)
	at org.junit.runners.BlockJUnit4ClassRunner.runChild(BlockJUnit4ClassRunner.java:78)
	at org.junit.runners.BlockJUnit4ClassRunner.runChild(BlockJUnit4ClassRunner.java:57)
	at org.junit.runners.ParentRunner$3.run(ParentRunner.java:290)
	at org.junit.runners.ParentRunner$1.schedule(ParentRunner.java:71)
	at org.junit.runners.ParentRunner.runChildren(ParentRunner.java:288)
	at org.junit.runners.ParentRunner.access$000(ParentRunner.java:58)
	at org.junit.runners.ParentRunner$2.evaluate(ParentRunner.java:268)
	at org.junit.internal.runners.statements.RunBefores.evaluate(RunBefores.java:26)
	at org.junit.internal.runners.statements.RunAfters.evaluate(RunAfters.java:27)
	at org.junit.runners.ParentRunner.run(ParentRunner.java:363)
	at org.eclipse.jdt.internal.junit4.runner.JUnit4TestReference.run(JUnit4TestReference.java:86)
	at org.eclipse.jdt.internal.junit.runner.TestExecution.run(TestExecution.java:38)
	at org.eclipse.jdt.internal.junit.runner.RemoteTestRunner.runTests(RemoteTestRunner.java:538)
	at org.eclipse.jdt.internal.junit.runner.RemoteTestRunner.runTests(RemoteTestRunner.java:760)
	at org.eclipse.jdt.internal.junit.runner.RemoteTestRunner.run(RemoteTestRunner.java:460)
	at org.eclipse.jdt.internal.junit.runner.RemoteTestRunner.main(RemoteTestRunner.java:206)
Caused by: com.ckeiner.testbddy.core.throwables.exceptions.StepException: java.lang.IllegalArgumentException: Intentional Exception
	at com.ckeiner.testbddy.core.bdd.steps.AbstractStep.test(AbstractStep.java:122)
	at com.ckeiner.testbddy.core.bdd.steps.Steps.testStep(Steps.java:71)
	at com.ckeiner.testbddy.core.bdd.steps.Steps.testStep(Steps.java:1)
	at com.ckeiner.testbddy.core.bdd.steps.AbstractSteps.test(AbstractSteps.java:153)
	at com.ckeiner.testbddy.core.bdd.scenario.Scenario.executeScenario(Scenario.java:157)
	at com.ckeiner.testbddy.core.bdd.scenario.Scenario.test(Scenario.java:71)
	... 28 more
Caused by: java.lang.IllegalArgumentException: Intentional Exception
	at com.ckeiner.bdd.testbddy.test.ConsumingCucumbers_Reporting.lambda$10(ConsumingCucumbers_Reporting.java:70)
	at com.ckeiner.testbddy.core.bdd.steps.Step.executeStep(Step.java:36)
	at com.ckeiner.testbddy.core.bdd.steps.AbstractStep.test(AbstractStep.java:98)
	... 33 more


	at com.ckeiner.testbddy.core.bdd.Feature.finishTest(Feature.java:213)
	at com.ckeiner.testbddy.core.bdd.Feature.test(Feature.java:144)
	at com.ckeiner.bdd.testbddy.test.ConsumingCucumbers_Reporting.throwIntentionalException(ConsumingCucumbers_Reporting.java:76)
	at sun.reflect.NativeMethodAccessorImpl.invoke0(Native Method)
	at sun.reflect.NativeMethodAccessorImpl.invoke(NativeMethodAccessorImpl.java:62)
	at sun.reflect.DelegatingMethodAccessorImpl.invoke(DelegatingMethodAccessorImpl.java:43)
	at java.lang.reflect.Method.invoke(Method.java:498)
	at org.junit.runners.model.FrameworkMethod$1.runReflectiveCall(FrameworkMethod.java:50)
	at org.junit.internal.runners.model.ReflectiveCallable.run(ReflectiveCallable.java:12)
	at org.junit.runners.model.FrameworkMethod.invokeExplosively(FrameworkMethod.java:47)
	at org.junit.internal.runners.statements.InvokeMethod.evaluate(InvokeMethod.java:17)
	at org.junit.runners.ParentRunner.runLeaf(ParentRunner.java:325)
	at org.junit.runners.BlockJUnit4ClassRunner.runChild(BlockJUnit4ClassRunner.java:78)
	at org.junit.runners.BlockJUnit4ClassRunner.runChild(BlockJUnit4ClassRunner.java:57)
	at org.junit.runners.ParentRunner$3.run(ParentRunner.java:290)
	at org.junit.runners.ParentRunner$1.schedule(ParentRunner.java:71)
	at org.junit.runners.ParentRunner.runChildren(ParentRunner.java:288)
	at org.junit.runners.ParentRunner.access$000(ParentRunner.java:58)
	at org.junit.runners.ParentRunner$2.evaluate(ParentRunner.java:268)
	at org.junit.internal.runners.statements.RunBefores.evaluate(RunBefores.java:26)
	at org.junit.internal.runners.statements.RunAfters.evaluate(RunAfters.java:27)
	at org.junit.runners.ParentRunner.run(ParentRunner.java:363)
	at org.eclipse.jdt.internal.junit4.runner.JUnit4TestReference.run(JUnit4TestReference.java:86)
	at org.eclipse.jdt.internal.junit.runner.TestExecution.run(TestExecution.java:38)
	at org.eclipse.jdt.internal.junit.runner.RemoteTestRunner.runTests(RemoteTestRunner.java:538)
	at org.eclipse.jdt.internal.junit.runner.RemoteTestRunner.runTests(RemoteTestRunner.java:760)
	at org.eclipse.jdt.internal.junit.runner.RemoteTestRunner.run(RemoteTestRunner.java:460)
	at org.eclipse.jdt.internal.junit.runner.RemoteTestRunner.main(RemoteTestRunner.java:206)
</pre></pre></td>
                                                    </tr>
                                        </tbody>
                                    </table>
                                </div>
                            </div>
                        </li>
                        <li class='exception displayed active'>
                            <div class='exception-heading'>
                                <span class='exception-name'>java.lang.IllegalArgumentException</span>
                                <span class='exception-count right'><span class='label red lighten-1 white-text'>1</span></span>
                            </div>
                            <div class='exception-content hide'>
                                <div class='exception-tests'>
                                    <table class='bordered table-results'>
                                        <thead>
                                        <tr>
                                            <th>Timestamp</th>
                                            <th>TestName</th>
                                            <th>Status</th>
                                        </tr>
                                        </thead>
                                        <tbody>
                                                    <tr>
                                                        <td>Nov 13, 2018 11:20:20 AM</td>
                                                        <td class='linked' test-id='14'>com.ckeiner.bdd.testbddy.test.ConsumingCucumbers_Reporting: Cucumber consumption with intentional failure.Eating cucumbers.I eat 20 cucumbers</td>
                                                        <td><pre><pre>java.lang.IllegalArgumentException: Intentional Exception
	at com.ckeiner.bdd.testbddy.test.ConsumingCucumbers_Reporting.lambda$10(ConsumingCucumbers_Reporting.java:70)
	at com.ckeiner.testbddy.core.bdd.steps.Step.executeStep(Step.java:36)
	at com.ckeiner.testbddy.core.bdd.steps.AbstractStep.test(AbstractStep.java:98)
	at com.ckeiner.testbddy.core.bdd.steps.Steps.testStep(Steps.java:71)
	at com.ckeiner.testbddy.core.bdd.steps.Steps.testStep(Steps.java:1)
	at com.ckeiner.testbddy.core.bdd.steps.AbstractSteps.test(AbstractSteps.java:153)
	at com.ckeiner.testbddy.core.bdd.scenario.Scenario.executeScenario(Scenario.java:157)
	at com.ckeiner.testbddy.core.bdd.scenario.Scenario.test(Scenario.java:71)
	at com.ckeiner.testbddy.core.bdd.Feature.executeScenario(Feature.java:161)
	at com.ckeiner.testbddy.core.bdd.Feature.test(Feature.java:133)
	at com.ckeiner.bdd.testbddy.test.ConsumingCucumbers_Reporting.throwIntentionalException(ConsumingCucumbers_Reporting.java:76)
	at sun.reflect.NativeMethodAccessorImpl.invoke0(Native Method)
	at sun.reflect.NativeMethodAccessorImpl.invoke(NativeMethodAccessorImpl.java:62)
	at sun.reflect.DelegatingMethodAccessorImpl.invoke(DelegatingMethodAccessorImpl.java:43)
	at java.lang.reflect.Method.invoke(Method.java:498)
	at org.junit.runners.model.FrameworkMethod$1.runReflectiveCall(FrameworkMethod.java:50)
	at org.junit.internal.runners.model.ReflectiveCallable.run(ReflectiveCallable.java:12)
	at org.junit.runners.model.FrameworkMethod.invokeExplosively(FrameworkMethod.java:47)
	at org.junit.internal.runners.statements.InvokeMethod.evaluate(InvokeMethod.java:17)
	at org.junit.runners.ParentRunner.runLeaf(ParentRunner.java:325)
	at org.junit.runners.BlockJUnit4ClassRunner.runChild(BlockJUnit4ClassRunner.java:78)
	at org.junit.runners.BlockJUnit4ClassRunner.runChild(BlockJUnit4ClassRunner.java:57)
	at org.junit.runners.ParentRunner$3.run(ParentRunner.java:290)
	at org.junit.runners.ParentRunner$1.schedule(ParentRunner.java:71)
	at org.junit.runners.ParentRunner.runChildren(ParentRunner.java:288)
	at org.junit.runners.ParentRunner.access$000(ParentRunner.java:58)
	at org.junit.runners.ParentRunner$2.evaluate(ParentRunner.java:268)
	at org.junit.internal.runners.statements.RunBefores.evaluate(RunBefores.java:26)
	at org.junit.internal.runners.statements.RunAfters.evaluate(RunAfters.java:27)
	at org.junit.runners.ParentRunner.run(ParentRunner.java:363)
	at org.eclipse.jdt.internal.junit4.runner.JUnit4TestReference.run(JUnit4TestReference.java:86)
	at org.eclipse.jdt.internal.junit.runner.TestExecution.run(TestExecution.java:38)
	at org.eclipse.jdt.internal.junit.runner.RemoteTestRunner.runTests(RemoteTestRunner.java:538)
	at org.eclipse.jdt.internal.junit.runner.RemoteTestRunner.runTests(RemoteTestRunner.java:760)
	at org.eclipse.jdt.internal.junit.runner.RemoteTestRunner.run(RemoteTestRunner.java:460)
	at org.eclipse.jdt.internal.junit.runner.RemoteTestRunner.main(RemoteTestRunner.java:206)
</pre></pre></td>
                                                    </tr>
                                        </tbody>
                                    </table>
                                </div>
                            </div>
                        </li>
                        <li class='exception displayed active'>
                            <div class='exception-heading'>
                                <span class='exception-name'>com.ckeiner.testbddy.core.throwables.exceptions.StepException</span>
                                <span class='exception-count right'><span class='label red lighten-1 white-text'>1</span></span>
                            </div>
                            <div class='exception-content hide'>
                                <div class='exception-tests'>
                                    <table class='bordered table-results'>
                                        <thead>
                                        <tr>
                                            <th>Timestamp</th>
                                            <th>TestName</th>
                                            <th>Status</th>
                                        </tr>
                                        </thead>
                                        <tbody>
                                                    <tr>
                                                        <td>Nov 13, 2018 11:20:20 AM</td>
                                                        <td class='linked' test-id='12'>com.ckeiner.bdd.testbddy.test.ConsumingCucumbers_Reporting: Cucumber consumption with intentional failure.Eating cucumbers</td>
                                                        <td><pre><pre>com.ckeiner.testbddy.core.throwables.exceptions.StepException: java.lang.IllegalArgumentException: Intentional Exception
	at com.ckeiner.testbddy.core.bdd.steps.AbstractStep.test(AbstractStep.java:122)
	at com.ckeiner.testbddy.core.bdd.steps.Steps.testStep(Steps.java:71)
	at com.ckeiner.testbddy.core.bdd.steps.Steps.testStep(Steps.java:1)
	at com.ckeiner.testbddy.core.bdd.steps.AbstractSteps.test(AbstractSteps.java:153)
	at com.ckeiner.testbddy.core.bdd.scenario.Scenario.executeScenario(Scenario.java:157)
	at com.ckeiner.testbddy.core.bdd.scenario.Scenario.test(Scenario.java:71)
	at com.ckeiner.testbddy.core.bdd.Feature.executeScenario(Feature.java:161)
	at com.ckeiner.testbddy.core.bdd.Feature.test(Feature.java:133)
	at com.ckeiner.bdd.testbddy.test.ConsumingCucumbers_Reporting.throwIntentionalException(ConsumingCucumbers_Reporting.java:76)
	at sun.reflect.NativeMethodAccessorImpl.invoke0(Native Method)
	at sun.reflect.NativeMethodAccessorImpl.invoke(NativeMethodAccessorImpl.java:62)
	at sun.reflect.DelegatingMethodAccessorImpl.invoke(DelegatingMethodAccessorImpl.java:43)
	at java.lang.reflect.Method.invoke(Method.java:498)
	at org.junit.runners.model.FrameworkMethod$1.runReflectiveCall(FrameworkMethod.java:50)
	at org.junit.internal.runners.model.ReflectiveCallable.run(ReflectiveCallable.java:12)
	at org.junit.runners.model.FrameworkMethod.invokeExplosively(FrameworkMethod.java:47)
	at org.junit.internal.runners.statements.InvokeMethod.evaluate(InvokeMethod.java:17)
	at org.junit.runners.ParentRunner.runLeaf(ParentRunner.java:325)
	at org.junit.runners.BlockJUnit4ClassRunner.runChild(BlockJUnit4ClassRunner.java:78)
	at org.junit.runners.BlockJUnit4ClassRunner.runChild(BlockJUnit4ClassRunner.java:57)
	at org.junit.runners.ParentRunner$3.run(ParentRunner.java:290)
	at org.junit.runners.ParentRunner$1.schedule(ParentRunner.java:71)
	at org.junit.runners.ParentRunner.runChildren(ParentRunner.java:288)
	at org.junit.runners.ParentRunner.access$000(ParentRunner.java:58)
	at org.junit.runners.ParentRunner$2.evaluate(ParentRunner.java:268)
	at org.junit.internal.runners.statements.RunBefores.evaluate(RunBefores.java:26)
	at org.junit.internal.runners.statements.RunAfters.evaluate(RunAfters.java:27)
	at org.junit.runners.ParentRunner.run(ParentRunner.java:363)
	at org.eclipse.jdt.internal.junit4.runner.JUnit4TestReference.run(JUnit4TestReference.java:86)
	at org.eclipse.jdt.internal.junit.runner.TestExecution.run(TestExecution.java:38)
	at org.eclipse.jdt.internal.junit.runner.RemoteTestRunner.runTests(RemoteTestRunner.java:538)
	at org.eclipse.jdt.internal.junit.runner.RemoteTestRunner.runTests(RemoteTestRunner.java:760)
	at org.eclipse.jdt.internal.junit.runner.RemoteTestRunner.run(RemoteTestRunner.java:460)
	at org.eclipse.jdt.internal.junit.runner.RemoteTestRunner.main(RemoteTestRunner.java:206)
Caused by: java.lang.IllegalArgumentException: Intentional Exception
	at com.ckeiner.bdd.testbddy.test.ConsumingCucumbers_Reporting.lambda$10(ConsumingCucumbers_Reporting.java:70)
	at com.ckeiner.testbddy.core.bdd.steps.Step.executeStep(Step.java:36)
	at com.ckeiner.testbddy.core.bdd.steps.AbstractStep.test(AbstractStep.java:98)
	... 33 more
</pre></pre></td>
                                                    </tr>
                                        </tbody>
                                    </table>
                                </div>
                            </div>
                        </li>
                </ul>
        </div>
    </div>

    <div class='subview-right left'>
        <div class='view-summary'>
            <h5 class='exception-name'></h5>
        </div>
    </div>
</div>
<!-- exception view -->
<div id='dashboard-view' class='view hide'>
	<div class='card-panel transparent np-v'>
		<h5>Dashboard</h5>

		<div class='row'>
			<div class='col s2'>
				<div class='card-panel r'>
					Features
					<div class='panel-lead'>3</div>
				</div>
			</div>
			<div class='col s2'>
				<div class='card-panel r'>
					Scenarios
					<div class='panel-lead'>3</div>
				</div>
			</div>
			<div class='col s2'>
				<div class='card-panel r'>
					Steps
					<div class='panel-lead'>9</div>
				</div>
			</div>
			<div class='col s2'>
				<div class='card-panel r'>
					Start
					<div class='panel-lead'>Nov 13, 2018 11:20:19 AM</div>
				</div>
			</div>
			<div class='col s2'>
				<div class='card-panel r'>
			 		End
			 		<div class='panel-lead'>Nov 13, 2018 11:20:20 AM</div>
				</div>
			</div>
			<div class='col s2'>
				<div class='card-panel r'>
					Time Taken
					<div class='panel-lead'>0h 0m 0s+354ms</div>
				</div>
			</div>
		</div>
	</div>
</div>
<!-- dashboard view -->
<!-- testrunner-logs view -->
		</div>
		<!-- container -->

		<script>
			var statusGroup = {
				passParent: 1,
				failParent: 1,
				fatalParent: 1,
				errorParent: 0,
				warningParent: 0,
				skipParent: 0,
				exceptionsParent: 2,
				
				passChild: 1,
				failChild: 1,
				fatalChild: 1,
				errorChild: 0,
				warningChild: 0,
				skipChild: 0,
				infoChild: 0,
				exceptionsChild: 2,
				
				passGrandChild: 6,
				failGrandChild: 1,
				fatalGrandChild: 1,
				errorGrandChild: 0,
				warningGrandChild: 0,
				skipGrandChild: 1,
				infoGrandChild: 0,
				exceptionsGrandChild: 3,
			};
		</script>
		
			<script src='https://cdn.rawgit.com/anshooarora/extentreports-java/fca20fb7653aade98810546ab96a2a4360e3e712/dist/js/extent.js' type='text/javascript'></script>
		
		
 		<script type='text/javascript'>
 		</script>
	</body>
	
</html>
