<?xml version="1.0" encoding="UTF-8"?><testsuite errors="0" failures="0" name="com.ckeiner.bdd.serenity.feature.WhenBrowsingWithParameters.WhenIBrowseWithParameters" skipped="0" tests="4" time="18.27" timestamp="2019-03-18 01:36:59"><testcase classname="com.ckeiner.bdd.serenity.feature.WhenBrowsingWithParameters$WhenIBrowseWithParameters" name="Browse to top level category"/><testcase classname="com.ckeiner.bdd.serenity.feature.WhenBrowsingWithParameters$WhenIBrowseWithParameters" name="Browse to sub category"/></testsuite>