<?xml version="1.0" encoding="UTF-8"?><testsuite errors="0" failures="0" name="com.ckeiner.bdd.serenity.feature.WhenBrowsingWithParameters.WhenIBrowseWithParameters" skipped="0" tests="4" time="12.94" timestamp="2018-12-19 12:17:24"><testcase classname="com.ckeiner.bdd.serenity.feature.WhenBrowsingWithParameters$WhenIBrowseWithParameters" name="Browse to top level category"/><testcase classname="com.ckeiner.bdd.serenity.feature.WhenBrowsingWithParameters$WhenIBrowseWithParameters" name="Browse to sub category"/></testsuite>