<?xml version="1.0" encoding="UTF-8"?><testsuite errors="0" failures="0" name="com.ckeiner.bdd.serenity.feature.WhenBrowsingWithWrongTestdata" skipped="4" tests="4" time="0.08" timestamp="2019-03-18 01:36:40"><testcase classname="com.ckeiner.bdd.serenity.feature.WhenBrowsingWithWrongTestdata" name="Browse to top level category"><error message="argument type mismatch" type="java.lang.IllegalArgumentException">argument type mismatch</error><system-err>argument type mismatch
java.base/jdk.internal.reflect.NativeConstructorAccessorImpl.newInstance0(Native Method)
java.base/jdk.internal.reflect.NativeConstructorAccessorImpl.newInstance(NativeConstructorAccessorImpl.java:62)
java.base/jdk.internal.reflect.DelegatingConstructorAccessorImpl.newInstance(DelegatingConstructorAccessorImpl.java:45)
</system-err></testcase><testcase classname="com.ckeiner.bdd.serenity.feature.WhenBrowsingWithWrongTestdata" name="Browse to sub category"><error message="argument type mismatch" type="java.lang.IllegalArgumentException">argument type mismatch</error><system-err>argument type mismatch
java.base/jdk.internal.reflect.NativeConstructorAccessorImpl.newInstance0(Native Method)
java.base/jdk.internal.reflect.NativeConstructorAccessorImpl.newInstance(NativeConstructorAccessorImpl.java:62)
java.base/jdk.internal.reflect.DelegatingConstructorAccessorImpl.newInstance(DelegatingConstructorAccessorImpl.java:45)
</system-err></testcase></testsuite>