<?xml version="1.0" encoding="UTF-8"?><testsuite errors="0" failures="1" name="com.ckeiner.bdd.serenity.feature.WhenBrowsingWithParametersAndBefore" skipped="0" tests="4" time="15.73" timestamp="2018-12-19 12:17:44"><testcase classname="com.ckeiner.bdd.serenity.feature.WhenBrowsingWithParametersAndBefore" name="Browse to top level category"/><testcase classname="com.ckeiner.bdd.serenity.feature.WhenBrowsingWithParametersAndBefore" name="Browse to sub category"><failure message="Element not found {By.linkText: Air Travel}&#10;Expected: visible" type="java.lang.AssertionError">Element not found {By.linkText: Air Travel}
Expected: visible</failure><system-err>Element not found {By.linkText: Air Travel}
Expected: visible
com.codeborne.selenide.impl.WebElementSource.createElementNotFoundError(WebElementSource.java:31)
com.codeborne.selenide.impl.ElementFinder.createElementNotFoundError(ElementFinder.java:82)
com.codeborne.selenide.impl.WebElementSource.checkCondition(WebElementSource.java:59)
com.codeborne.selenide.impl.WebElementSource.findAndAssertElementIsVisible(WebElementSource.java:72)
com.codeborne.selenide.commands.Click.execute(Click.java:16)
com.codeborne.selenide.commands.Click.execute(Click.java:12)
com.codeborne.selenide.commands.Commands.execute(Commands.java:144)
com.codeborne.selenide.impl.SelenideElementProxy.dispatchAndRetry(SelenideElementProxy.java:90)
com.codeborne.selenide.impl.SelenideElementProxy.invoke(SelenideElementProxy.java:65)
posters.pom.components.TopNavigation.clickSubCategoryByName(TopNavigation.java:36)
com.ckeiner.bdd.serenity.stepdefinition.BrowsingStep.open_Subcategory(BrowsingStep.java:48)
com.ckeiner.bdd.serenity.feature.WhenBrowsingWithParametersAndBefore.browseToSubCategory(WhenBrowsingWithParametersAndBefore.java:74)
java.base/jdk.internal.reflect.NativeMethodAccessorImpl.invoke0(Native Method)
java.base/jdk.internal.reflect.NativeMethodAccessorImpl.invoke(NativeMethodAccessorImpl.java:62)
java.base/jdk.internal.reflect.DelegatingMethodAccessorImpl.invoke(DelegatingMethodAccessorImpl.java:43)
</system-err></testcase></testsuite>