<?xml version="1.0" encoding="UTF-8"?><testsuite errors="0" failures="0" name="com.ckeiner.bdd.serenity.feature.WhenBrowsingWithParameters.WhenIBrowseNormally" skipped="0" tests="2" time="14.39" timestamp="2019-03-18 01:17:31"><testcase classname="com.ckeiner.bdd.serenity.feature.WhenBrowsingWithParameters$WhenIBrowseNormally" name="Browse to top level category"/><testcase classname="com.ckeiner.bdd.serenity.feature.WhenBrowsingWithParameters$WhenIBrowseNormally" name="Browse to sub category"/></testsuite>